<?xml version="1.0" encoding="UTF-8"?>
<!-- Generated by org.testng.reporters.JUnitXMLReporter -->
<testsuite hostname="LAPTOP-QT9092SR" name="Test" tests="1" failures="0" timestamp="19 Jan 2017 20:15:55 GMT" time="0.005" errors="0">
  <testcase name="@BeforeClass before" time="0.0" classname="com.wbl.test.RegisterPageTest">
    <failure type="java.lang.NullPointerException">
      <![CDATA[java.lang.NullPointerException
	at com.wbl.test.RegisterPageTest.before(RegisterPageTest.java:19)
... Removed 25 stack frames]]>
    </failure>
  </testcase> <!-- @BeforeClass before -->
  <testcase name="testLogin" time="0.001" classname="com.wbl.test.RegisterPageTest">
    <skipped/>
  </testcase> <!-- testLogin -->
</testsuite> <!-- Test -->
